MyAudioRecorder/app/build/intermediates/manifest_merge_blame_file/release/manifest-merger-blame-release-report.txt
1<?xml version="1.0" encoding="utf-8"?>
2<manifest xmlns:android="http://schemas.android.com/apk/res/android"
3    package="com.myapp.myaudiorecorder"
4    android:versionCode="1"
5    android:versionName="1.0" >
6
7    <uses-sdk
8        android:minSdkVersion="25"
8-->src/main/AndroidManifest.xml
9        android:targetSdkVersion="29" />
9-->src/main/AndroidManifest.xml
10
11    <uses-permission android:name="android.permission.RECORD_AUDIO" />
11-->src/main/AndroidManifest.xml:5:5-71
11-->src/main/AndroidManifest.xml:5:22-68
12    <uses-permission android:name="android.permission.WRITE_EXTERNAL_STORAGE" />
12-->src/main/AndroidManifest.xml:6:5-81
12-->src/main/AndroidManifest.xml:6:22-78
13    <uses-permission android:name="android.permission.READ_EXTERNAL_STORAGE" />
13-->src/main/AndroidManifest.xml:7:5-80
13-->src/main/AndroidManifest.xml:7:22-77
14    <uses-permission android:name="android.permission.INTERNET" />
14-->src/main/AndroidManifest.xml:9:5-67
14-->src/main/AndroidManifest.xml:9:22-64
15    <uses-permission android:name="android.permission.FOREGROUND_SERVICE" />
15-->src/main/AndroidManifest.xml:11:5-77
15-->src/main/AndroidManifest.xml:11:22-74
16    <uses-permission android:name="android.permission.FOREGROUND_SERVICE_MICROPHONE" />
16-->src/main/AndroidManifest.xml:12:5-88
16-->src/main/AndroidManifest.xml:12:22-85
17
18    <application
18-->src/main/AndroidManifest.xml:15:5-36:19
19        android:name="com.myapp.myaudiorecorder.MyApp"
19-->src/main/AndroidManifest.xml:16:9-30
20        android:allowBackup="true"
20-->src/main/AndroidManifest.xml:17:9-35
21        android:appComponentFactory="androidx.core.app.CoreComponentFactory"
21-->[androidx.core:core:1.5.0] AndroidManifest.xml:24:18-86
22        android:extractNativeLibs="false"
23        android:icon="@mipmap/ic_launcher"
23-->src/main/AndroidManifest.xml:18:9-43
24        android:label="@string/app_name"
24-->src/main/AndroidManifest.xml:19:9-41
25        android:roundIcon="@mipmap/ic_launcher_round"
25-->src/main/AndroidManifest.xml:20:9-54
26        android:supportsRtl="true"
26-->src/main/AndroidManifest.xml:21:9-35
27        android:theme="@style/AppTheme" >
27-->src/main/AndroidManifest.xml:22:9-40
28        <service
28-->src/main/AndroidManifest.xml:23:9-26:47
29            android:name="com.myapp.myaudiorecorder.MyAudioRecorderService"
29-->src/main/AndroidManifest.xml:24:13-76
30            android:enabled="true"
30-->src/main/AndroidManifest.xml:25:13-35
31            android:exported="true" />
31-->src/main/AndroidManifest.xml:26:13-36
32
33        <activity android:name="com.myapp.myaudiorecorder.MainActivity" >
33-->src/main/AndroidManifest.xml:28:9-34:20
33-->src/main/AndroidManifest.xml:28:19-72
34            <intent-filter>
34-->src/main/AndroidManifest.xml:29:13-33:29
35                <action android:name="android.intent.action.MAIN" />
35-->src/main/AndroidManifest.xml:30:17-69
35-->src/main/AndroidManifest.xml:30:25-66
36
37                <category android:name="android.intent.category.LAUNCHER" />
37-->src/main/AndroidManifest.xml:32:17-77
37-->src/main/AndroidManifest.xml:32:27-74
38            </intent-filter>
39        </activity>
40    </application>
41
42</manifest>